<?xml version="1.0" encoding="UTF-8"?>
<coverage generated="1697137259921" clover="3.2.0">
  <project timestamp="1697137259921" name="All files">
    <metrics statements="53" coveredstatements="53" conditionals="25" coveredconditionals="20" methods="39" coveredmethods="36" elements="117" coveredelements="109" complexity="0" loc="53" ncloc="53" packages="1" files="1" classes="1"/>
    <file name="index.ts" path="/Users/nikitzykov/ZProjects/pepelaz/src/index.ts">
      <metrics statements="53" coveredstatements="53" conditionals="25" coveredconditionals="20" methods="39" coveredmethods="36"/>
      <line num="1" count="1" type="stmt"/>
      <line num="2" count="1" type="stmt"/>
      <line num="4" count="1" type="stmt"/>
      <line num="10" count="41" type="cond" truecount="2" falsecount="0"/>
      <line num="11" count="72" type="stmt"/>
      <line num="17" count="172" type="cond" truecount="4" falsecount="0"/>
      <line num="18" count="89" type="stmt"/>
      <line num="19" count="89" type="cond" truecount="1" falsecount="0"/>
      <line num="20" count="86" type="stmt"/>
      <line num="22" count="83" type="stmt"/>
      <line num="30" count="1" type="stmt"/>
      <line num="35" count="1" type="stmt"/>
      <line num="36" count="1" type="stmt"/>
      <line num="39" count="1" type="stmt"/>
      <line num="40" count="1" type="stmt"/>
      <line num="41" count="1" type="stmt"/>
      <line num="54" count="16" type="stmt"/>
      <line num="55" count="12" type="cond" truecount="1" falsecount="0"/>
      <line num="56" count="10" type="stmt"/>
      <line num="57" count="1" type="cond" truecount="1" falsecount="0"/>
      <line num="58" count="10" type="stmt"/>
      <line num="59" count="3" type="cond" truecount="1" falsecount="0"/>
      <line num="60" count="18" type="stmt"/>
      <line num="61" count="5" type="cond" truecount="1" falsecount="0"/>
      <line num="62" count="9" type="stmt"/>
      <line num="63" count="1" type="cond" truecount="1" falsecount="0"/>
      <line num="64" count="6" type="stmt"/>
      <line num="65" count="3" type="cond" truecount="1" falsecount="0"/>
      <line num="66" count="1" type="stmt"/>
      <line num="67" count="1" type="stmt"/>
      <line num="73" count="4" type="stmt"/>
      <line num="74" count="4" type="stmt"/>
      <line num="78" count="7" type="stmt"/>
      <line num="81" count="1" type="cond" truecount="1" falsecount="0"/>
      <line num="82" count="4" type="stmt"/>
      <line num="84" count="1" type="stmt"/>
      <line num="85" count="1" type="stmt"/>
      <line num="86" count="1" type="stmt"/>
      <line num="92" count="1" type="stmt"/>
      <line num="96" count="12" type="stmt"/>
      <line num="97" count="12" type="stmt"/>
      <line num="101" count="10" type="stmt"/>
      <line num="103" count="149" type="cond" truecount="3" falsecount="0"/>
      <line num="106" count="149" type="stmt"/>
      <line num="107" count="148" type="stmt"/>
      <line num="108" count="148" type="stmt"/>
      <line num="112" count="1" type="cond" truecount="1" falsecount="0"/>
      <line num="113" count="12" type="stmt"/>
      <line num="115" count="114" type="stmt"/>
      <line num="117" count="1" type="stmt"/>
      <line num="118" count="16" type="cond" truecount="1" falsecount="0"/>
      <line num="119" count="10" type="stmt"/>
      <line num="121" count="6" type="stmt"/>
    </file>
  </project>
</coverage>
