{"/Users/nikitzykov/ZProjects/pepelaz/src/index.ts": {"path":"/Users/nikitzykov/ZProjects/pepelaz/src/index.ts","statementMap":{"0":{"start":{"line":1,"column":0},"end":{"line":1,"column":13}},"1":{"start":{"line":2,"column":13},"end":{"line":2,"column":37}},"2":{"start":{"line":10,"column":8},"end":{"line":11,"column":63}},"3":{"start":{"line":10,"column":58},"end":{"line":10,"column":132}},"4":{"start":{"line":11,"column":13},"end":{"line":11,"column":63}},"5":{"start":{"line":11,"column":40},"end":{"line":11,"column":62}},"6":{"start":{"line":17,"column":8},"end":{"line":21,"column":null}},"7":{"start":{"line":18,"column":24},"end":{"line":18,"column":44}},"8":{"start":{"line":19,"column":12},"end":{"line":19,"column":108}},"9":{"start":{"line":19,"column":40},"end":{"line":19,"column":108}},"10":{"start":{"line":20,"column":12},"end":{"line":20,"column":39}},"11":{"start":{"line":22,"column":8},"end":{"line":22,"column":42}},"12":{"start":{"line":4,"column":0},"end":{"line":4,"column":22}},"13":{"start":{"line":35,"column":8},"end":{"line":35,"column":33}},"14":{"start":{"line":36,"column":8},"end":{"line":36,"column":29}},"15":{"start":{"line":30,"column":0},"end":{"line":30,"column":13}},"16":{"start":{"line":40,"column":4},"end":{"line":41,"column":45}},"17":{"start":{"line":41,"column":8},"end":{"line":41,"column":45}},"18":{"start":{"line":39,"column":13},"end":{"line":39,"column":null}},"19":{"start":{"line":54,"column":46},"end":{"line":54,"column":96}},"20":{"start":{"line":54,"column":80},"end":{"line":54,"column":95}},"21":{"start":{"line":55,"column":28},"end":{"line":55,"column":127}},"22":{"start":{"line":55,"column":96},"end":{"line":55,"column":127}},"23":{"start":{"line":55,"column":13},"end":{"line":55,"column":28}},"24":{"start":{"line":56,"column":44},"end":{"line":56,"column":96}},"25":{"start":{"line":56,"column":78},"end":{"line":56,"column":95}},"26":{"start":{"line":57,"column":26},"end":{"line":57,"column":123}},"27":{"start":{"line":57,"column":94},"end":{"line":57,"column":123}},"28":{"start":{"line":57,"column":13},"end":{"line":57,"column":26}},"29":{"start":{"line":58,"column":52},"end":{"line":58,"column":135}},"30":{"start":{"line":58,"column":86},"end":{"line":58,"column":134}},"31":{"start":{"line":58,"column":0},"end":{"line":58,"column":13}},"32":{"start":{"line":59,"column":27},"end":{"line":59,"column":125}},"33":{"start":{"line":59,"column":95},"end":{"line":59,"column":125}},"34":{"start":{"line":59,"column":13},"end":{"line":59,"column":27}},"35":{"start":{"line":60,"column":45},"end":{"line":60,"column":90}},"36":{"start":{"line":60,"column":79},"end":{"line":60,"column":89}},"37":{"start":{"line":61,"column":27},"end":{"line":61,"column":125}},"38":{"start":{"line":61,"column":95},"end":{"line":61,"column":125}},"39":{"start":{"line":61,"column":13},"end":{"line":61,"column":27}},"40":{"start":{"line":62,"column":48},"end":{"line":62,"column":96}},"41":{"start":{"line":62,"column":80},"end":{"line":62,"column":95}},"42":{"start":{"line":62,"column":0},"end":{"line":62,"column":13}},"43":{"start":{"line":63,"column":25},"end":{"line":63,"column":117}},"44":{"start":{"line":63,"column":89},"end":{"line":63,"column":117}},"45":{"start":{"line":63,"column":13},"end":{"line":63,"column":25}},"46":{"start":{"line":64,"column":47},"end":{"line":64,"column":107}},"47":{"start":{"line":64,"column":82},"end":{"line":64,"column":106}},"48":{"start":{"line":65,"column":28},"end":{"line":65,"column":129}},"49":{"start":{"line":65,"column":98},"end":{"line":65,"column":129}},"50":{"start":{"line":65,"column":13},"end":{"line":65,"column":28}},"51":{"start":{"line":66,"column":48},"end":{"line":66,"column":79}},"52":{"start":{"line":66,"column":0},"end":{"line":66,"column":13}},"53":{"start":{"line":67,"column":25},"end":{"line":67,"column":46}},"54":{"start":{"line":67,"column":31},"end":{"line":67,"column":46}},"55":{"start":{"line":67,"column":13},"end":{"line":67,"column":25}},"56":{"start":{"line":73,"column":8},"end":{"line":73,"column":38}},"57":{"start":{"line":74,"column":8},"end":{"line":74,"column":31}},"58":{"start":{"line":78,"column":8},"end":{"line":78,"column":116}},"59":{"start":{"line":78,"column":59},"end":{"line":78,"column":114}},"60":{"start":{"line":81,"column":26},"end":{"line":82,"column":41}},"61":{"start":{"line":82,"column":4},"end":{"line":82,"column":41}},"62":{"start":{"line":81,"column":13},"end":{"line":81,"column":26}},"63":{"start":{"line":84,"column":36},"end":{"line":87,"column":1}},"64":{"start":{"line":85,"column":5},"end":{"line":85,"column":null}},"65":{"start":{"line":85,"column":53},"end":{"line":85,"column":76}},"66":{"start":{"line":86,"column":4},"end":{"line":86,"column":33}},"67":{"start":{"line":84,"column":13},"end":{"line":84,"column":36}},"68":{"start":{"line":96,"column":8},"end":{"line":96,"column":38}},"69":{"start":{"line":97,"column":8},"end":{"line":97,"column":37}},"70":{"start":{"line":101,"column":8},"end":{"line":109,"column":40}},"71":{"start":{"line":103,"column":16},"end":{"line":105,"column":60}},"72":{"start":{"line":106,"column":38},"end":{"line":106,"column":105}},"73":{"start":{"line":107,"column":13},"end":{"line":107,"column":58}},"74":{"start":{"line":108,"column":12},"end":{"line":108,"column":31}},"75":{"start":{"line":92,"column":0},"end":{"line":92,"column":13}},"76":{"start":{"line":112,"column":27},"end":{"line":113,"column":55}},"77":{"start":{"line":113,"column":4},"end":{"line":113,"column":55}},"78":{"start":{"line":112,"column":13},"end":{"line":112,"column":27}},"79":{"start":{"line":115,"column":40},"end":{"line":115,"column":110}},"80":{"start":{"line":115,"column":55},"end":{"line":115,"column":110}},"81":{"start":{"line":115,"column":84},"end":{"line":115,"column":109}},"82":{"start":{"line":117,"column":25},"end":{"line":122,"column":1}},"83":{"start":{"line":118,"column":4},"end":{"line":120,"column":null}},"84":{"start":{"line":119,"column":8},"end":{"line":119,"column":61}},"85":{"start":{"line":121,"column":4},"end":{"line":121,"column":50}},"86":{"start":{"line":117,"column":13},"end":{"line":117,"column":25}}},"fnMap":{"0":{"name":"(anonymous_0)","decl":{"start":{"line":7,"column":4},"end":{"line":7,"column":null}},"loc":{"start":{"line":8,"column":86},"end":{"line":12,"column":5}}},"1":{"name":"(anonymous_1)","decl":{"start":{"line":11,"column":34},"end":{"line":11,"column":37}},"loc":{"start":{"line":11,"column":40},"end":{"line":11,"column":62}}},"2":{"name":"(anonymous_2)","decl":{"start":{"line":16,"column":4},"end":{"line":16,"column":13}},"loc":{"start":{"line":16,"column":36},"end":{"line":23,"column":5}}},"3":{"name":"(anonymous_3)","decl":{"start":{"line":34,"column":4},"end":{"line":34,"column":16}},"loc":{"start":{"line":34,"column":42},"end":{"line":37,"column":5}}},"4":{"name":"(anonymous_4)","decl":{"start":{"line":40,"column":4},"end":{"line":40,"column":61}},"loc":{"start":{"line":41,"column":8},"end":{"line":41,"column":45}}},"5":{"name":"(anonymous_5)","decl":{"start":{"line":54,"column":0},"end":{"line":54,"column":6}},"loc":{"start":{"line":54,"column":0},"end":{"line":54,"column":98}}},"6":{"name":"(anonymous_6)","decl":{"start":{"line":54,"column":56},"end":{"line":54,"column":57}},"loc":{"start":{"line":54,"column":80},"end":{"line":54,"column":95}}},"7":{"name":"(anonymous_7)","decl":{"start":{"line":55,"column":28},"end":{"line":55,"column":29}},"loc":{"start":{"line":55,"column":96},"end":{"line":55,"column":127}}},"8":{"name":"(anonymous_8)","decl":{"start":{"line":56,"column":0},"end":{"line":56,"column":6}},"loc":{"start":{"line":56,"column":0},"end":{"line":56,"column":98}}},"9":{"name":"(anonymous_9)","decl":{"start":{"line":56,"column":54},"end":{"line":56,"column":55}},"loc":{"start":{"line":56,"column":78},"end":{"line":56,"column":95}}},"10":{"name":"(anonymous_10)","decl":{"start":{"line":57,"column":26},"end":{"line":57,"column":27}},"loc":{"start":{"line":57,"column":94},"end":{"line":57,"column":123}}},"11":{"name":"(anonymous_11)","decl":{"start":{"line":58,"column":0},"end":{"line":58,"column":13}},"loc":{"start":{"line":58,"column":0},"end":{"line":58,"column":137}}},"12":{"name":"(anonymous_12)","decl":{"start":{"line":58,"column":62},"end":{"line":58,"column":63}},"loc":{"start":{"line":58,"column":86},"end":{"line":58,"column":134}}},"13":{"name":"(anonymous_13)","decl":{"start":{"line":59,"column":27},"end":{"line":59,"column":28}},"loc":{"start":{"line":59,"column":95},"end":{"line":59,"column":125}}},"14":{"name":"(anonymous_14)","decl":{"start":{"line":60,"column":0},"end":{"line":60,"column":6}},"loc":{"start":{"line":60,"column":0},"end":{"line":60,"column":92}}},"15":{"name":"(anonymous_15)","decl":{"start":{"line":60,"column":55},"end":{"line":60,"column":56}},"loc":{"start":{"line":60,"column":79},"end":{"line":60,"column":89}}},"16":{"name":"(anonymous_16)","decl":{"start":{"line":61,"column":27},"end":{"line":61,"column":28}},"loc":{"start":{"line":61,"column":95},"end":{"line":61,"column":125}}},"17":{"name":"(anonymous_17)","decl":{"start":{"line":62,"column":0},"end":{"line":62,"column":13}},"loc":{"start":{"line":62,"column":0},"end":{"line":62,"column":98}}},"18":{"name":"(anonymous_18)","decl":{"start":{"line":62,"column":58},"end":{"line":62,"column":59}},"loc":{"start":{"line":62,"column":80},"end":{"line":62,"column":95}}},"19":{"name":"(anonymous_19)","decl":{"start":{"line":63,"column":25},"end":{"line":63,"column":26}},"loc":{"start":{"line":63,"column":89},"end":{"line":63,"column":117}}},"20":{"name":"(anonymous_20)","decl":{"start":{"line":64,"column":0},"end":{"line":64,"column":6}},"loc":{"start":{"line":64,"column":0},"end":{"line":64,"column":109}}},"21":{"name":"(anonymous_21)","decl":{"start":{"line":64,"column":57},"end":{"line":64,"column":58}},"loc":{"start":{"line":64,"column":82},"end":{"line":64,"column":106}}},"22":{"name":"(anonymous_22)","decl":{"start":{"line":65,"column":28},"end":{"line":65,"column":29}},"loc":{"start":{"line":65,"column":98},"end":{"line":65,"column":129}}},"23":{"name":"(anonymous_23)","decl":{"start":{"line":66,"column":0},"end":{"line":66,"column":13}},"loc":{"start":{"line":66,"column":0},"end":{"line":66,"column":80}}},"24":{"name":"(anonymous_24)","decl":{"start":{"line":66,"column":58},"end":{"line":66,"column":59}},"loc":{"start":{"line":66,"column":74},"end":{"line":66,"column":78}}},"25":{"name":"(anonymous_25)","decl":{"start":{"line":67,"column":25},"end":{"line":67,"column":28}},"loc":{"start":{"line":67,"column":31},"end":{"line":67,"column":46}}},"26":{"name":"(anonymous_26)","decl":{"start":{"line":72,"column":4},"end":{"line":72,"column":16}},"loc":{"start":{"line":72,"column":101},"end":{"line":75,"column":5}}},"27":{"name":"(anonymous_27)","decl":{"start":{"line":77,"column":4},"end":{"line":77,"column":11}},"loc":{"start":{"line":77,"column":36},"end":{"line":79,"column":5}}},"28":{"name":"(anonymous_28)","decl":{"start":{"line":78,"column":39},"end":{"line":78,"column":40}},"loc":{"start":{"line":78,"column":59},"end":{"line":78,"column":114}}},"29":{"name":"(anonymous_29)","decl":{"start":{"line":81,"column":26},"end":{"line":81,"column":30}},"loc":{"start":{"line":82,"column":4},"end":{"line":82,"column":41}}},"30":{"name":"(anonymous_30)","decl":{"start":{"line":84,"column":36},"end":{"line":84,"column":37}},"loc":{"start":{"line":84,"column":51},"end":{"line":87,"column":1}}},"31":{"name":"(anonymous_31)","decl":{"start":{"line":85,"column":39},"end":{"line":85,"column":53}},"loc":{"start":{"line":85,"column":39},"end":{"line":85,"column":78}}},"32":{"name":"(anonymous_32)","decl":{"start":{"line":95,"column":4},"end":{"line":95,"column":16}},"loc":{"start":{"line":95,"column":80},"end":{"line":98,"column":5}}},"33":{"name":"(anonymous_33)","decl":{"start":{"line":100,"column":4},"end":{"line":100,"column":11}},"loc":{"start":{"line":100,"column":35},"end":{"line":110,"column":5}}},"34":{"name":"(anonymous_34)","decl":{"start":{"line":101,"column":51},"end":{"line":101,"column":52}},"loc":{"start":{"line":101,"column":72},"end":{"line":109,"column":9}}},"35":{"name":"(anonymous_35)","decl":{"start":{"line":112,"column":27},"end":{"line":112,"column":61}},"loc":{"start":{"line":113,"column":4},"end":{"line":113,"column":55}}},"36":{"name":"(anonymous_36)","decl":{"start":{"line":115,"column":40},"end":{"line":115,"column":41}},"loc":{"start":{"line":115,"column":55},"end":{"line":115,"column":110}}},"37":{"name":"(anonymous_37)","decl":{"start":{"line":115,"column":75},"end":{"line":115,"column":80}},"loc":{"start":{"line":115,"column":84},"end":{"line":115,"column":109}}},"38":{"name":"(anonymous_38)","decl":{"start":{"line":117,"column":25},"end":{"line":117,"column":26}},"loc":{"start":{"line":117,"column":90},"end":{"line":122,"column":1}}}},"branchMap":{"0":{"loc":{"start":{"line":8,"column":8},"end":{"line":8,"column":86}},"type":"default-arg","locations":[{"start":{"line":8,"column":82},"end":{"line":8,"column":86}}]},"1":{"loc":{"start":{"line":10,"column":8},"end":{"line":11,"column":63}},"type":"if","locations":[{"start":{"line":10,"column":8},"end":{"line":11,"column":63}},{"start":{"line":11,"column":13},"end":{"line":11,"column":63}}]},"2":{"loc":{"start":{"line":16,"column":26},"end":{"line":16,"column":36}},"type":"default-arg","locations":[{"start":{"line":16,"column":34},"end":{"line":16,"column":36}}]},"3":{"loc":{"start":{"line":17,"column":8},"end":{"line":21,"column":null}},"type":"if","locations":[{"start":{"line":17,"column":8},"end":{"line":21,"column":null}}]},"4":{"loc":{"start":{"line":17,"column":12},"end":{"line":17,"column":52}},"type":"binary-expr","locations":[{"start":{"line":17,"column":12},"end":{"line":17,"column":18}},{"start":{"line":17,"column":22},"end":{"line":17,"column":37}},{"start":{"line":17,"column":41},"end":{"line":17,"column":52}}]},"5":{"loc":{"start":{"line":19,"column":12},"end":{"line":19,"column":108}},"type":"if","locations":[{"start":{"line":19,"column":12},"end":{"line":19,"column":108}}]},"6":{"loc":{"start":{"line":55,"column":29},"end":{"line":55,"column":91}},"type":"default-arg","locations":[{"start":{"line":55,"column":87},"end":{"line":55,"column":91}}]},"7":{"loc":{"start":{"line":57,"column":27},"end":{"line":57,"column":89}},"type":"default-arg","locations":[{"start":{"line":57,"column":85},"end":{"line":57,"column":89}}]},"8":{"loc":{"start":{"line":59,"column":28},"end":{"line":59,"column":90}},"type":"default-arg","locations":[{"start":{"line":59,"column":86},"end":{"line":59,"column":90}}]},"9":{"loc":{"start":{"line":61,"column":28},"end":{"line":61,"column":90}},"type":"default-arg","locations":[{"start":{"line":61,"column":86},"end":{"line":61,"column":90}}]},"10":{"loc":{"start":{"line":63,"column":26},"end":{"line":63,"column":84}},"type":"default-arg","locations":[{"start":{"line":63,"column":80},"end":{"line":63,"column":84}}]},"11":{"loc":{"start":{"line":65,"column":29},"end":{"line":65,"column":93}},"type":"default-arg","locations":[{"start":{"line":65,"column":89},"end":{"line":65,"column":93}}]},"12":{"loc":{"start":{"line":72,"column":39},"end":{"line":72,"column":101}},"type":"default-arg","locations":[{"start":{"line":72,"column":97},"end":{"line":72,"column":101}}]},"13":{"loc":{"start":{"line":77,"column":26},"end":{"line":77,"column":36}},"type":"default-arg","locations":[{"start":{"line":77,"column":34},"end":{"line":77,"column":36}}]},"14":{"loc":{"start":{"line":81,"column":52},"end":{"line":81,"column":126}},"type":"default-arg","locations":[{"start":{"line":81,"column":122},"end":{"line":81,"column":126}}]},"15":{"loc":{"start":{"line":95,"column":31},"end":{"line":95,"column":80}},"type":"default-arg","locations":[{"start":{"line":95,"column":76},"end":{"line":95,"column":80}}]},"16":{"loc":{"start":{"line":100,"column":25},"end":{"line":100,"column":35}},"type":"default-arg","locations":[{"start":{"line":100,"column":33},"end":{"line":100,"column":35}}]},"17":{"loc":{"start":{"line":103,"column":16},"end":{"line":105,"column":60}},"type":"binary-expr","locations":[{"start":{"line":103,"column":16},"end":{"line":103,"column":27}},{"start":{"line":104,"column":16},"end":{"line":104,"column":41}},{"start":{"line":105,"column":16},"end":{"line":105,"column":60}}]},"18":{"loc":{"start":{"line":112,"column":76},"end":{"line":112,"column":125}},"type":"default-arg","locations":[{"start":{"line":112,"column":121},"end":{"line":112,"column":125}}]},"19":{"loc":{"start":{"line":118,"column":4},"end":{"line":120,"column":null}},"type":"if","locations":[{"start":{"line":118,"column":4},"end":{"line":120,"column":null}}]}},"s":{"0":1,"1":1,"2":41,"3":3,"4":38,"5":72,"6":172,"7":89,"8":89,"9":3,"10":86,"11":83,"12":1,"13":1,"14":1,"15":1,"16":1,"17":1,"18":1,"19":12,"20":16,"21":1,"22":12,"23":1,"24":1,"25":10,"26":1,"27":1,"28":1,"29":3,"30":10,"31":1,"32":1,"33":3,"34":1,"35":5,"36":18,"37":1,"38":5,"39":1,"40":1,"41":9,"42":1,"43":1,"44":1,"45":1,"46":3,"47":6,"48":1,"49":3,"50":1,"51":0,"52":1,"53":1,"54":0,"55":1,"56":4,"57":4,"58":4,"59":7,"60":1,"61":4,"62":1,"63":1,"64":1,"65":1,"66":1,"67":1,"68":12,"69":12,"70":10,"71":149,"72":149,"73":148,"74":148,"75":1,"76":1,"77":12,"78":1,"79":1,"80":100,"81":114,"82":1,"83":16,"84":10,"85":6,"86":1},"f":{"0":41,"1":72,"2":172,"3":1,"4":1,"5":12,"6":16,"7":12,"8":1,"9":10,"10":1,"11":3,"12":10,"13":3,"14":5,"15":18,"16":5,"17":1,"18":9,"19":1,"20":3,"21":6,"22":3,"23":0,"24":0,"25":0,"26":4,"27":4,"28":7,"29":4,"30":1,"31":1,"32":12,"33":10,"34":149,"35":12,"36":100,"37":114,"38":16},"b":{"0":[0],"1":[3,38],"2":[16],"3":[89],"4":[172,91,90],"5":[3],"6":[8],"7":[1],"8":[2],"9":[2],"10":[1],"11":[3],"12":[0],"13":[0],"14":[3],"15":[0],"16":[0],"17":[149,115,100],"18":[8],"19":[10]}}
}
