TN:
SF:src/index.ts
FN:7,(anonymous_0)
FN:11,(anonymous_1)
FN:16,(anonymous_2)
FN:34,(anonymous_3)
FN:40,(anonymous_4)
FN:54,(anonymous_5)
FN:54,(anonymous_6)
FN:55,(anonymous_7)
FN:56,(anonymous_8)
FN:56,(anonymous_9)
FN:57,(anonymous_10)
FN:58,(anonymous_11)
FN:58,(anonymous_12)
FN:59,(anonymous_13)
FN:60,(anonymous_14)
FN:60,(anonymous_15)
FN:61,(anonymous_16)
FN:62,(anonymous_17)
FN:62,(anonymous_18)
FN:63,(anonymous_19)
FN:64,(anonymous_20)
FN:64,(anonymous_21)
FN:65,(anonymous_22)
FN:66,(anonymous_23)
FN:66,(anonymous_24)
FN:67,(anonymous_25)
FN:72,(anonymous_26)
FN:77,(anonymous_27)
FN:78,(anonymous_28)
FN:81,(anonymous_29)
FN:84,(anonymous_30)
FN:85,(anonymous_31)
FN:95,(anonymous_32)
FN:100,(anonymous_33)
FN:101,(anonymous_34)
FN:112,(anonymous_35)
FN:115,(anonymous_36)
FN:115,(anonymous_37)
FN:117,(anonymous_38)
FNF:39
FNH:36
FNDA:41,(anonymous_0)
FNDA:72,(anonymous_1)
FNDA:172,(anonymous_2)
FNDA:1,(anonymous_3)
FNDA:1,(anonymous_4)
FNDA:12,(anonymous_5)
FNDA:16,(anonymous_6)
FNDA:12,(anonymous_7)
FNDA:1,(anonymous_8)
FNDA:10,(anonymous_9)
FNDA:1,(anonymous_10)
FNDA:3,(anonymous_11)
FNDA:10,(anonymous_12)
FNDA:3,(anonymous_13)
FNDA:5,(anonymous_14)
FNDA:18,(anonymous_15)
FNDA:5,(anonymous_16)
FNDA:1,(anonymous_17)
FNDA:9,(anonymous_18)
FNDA:1,(anonymous_19)
FNDA:3,(anonymous_20)
FNDA:6,(anonymous_21)
FNDA:3,(anonymous_22)
FNDA:0,(anonymous_23)
FNDA:0,(anonymous_24)
FNDA:0,(anonymous_25)
FNDA:4,(anonymous_26)
FNDA:4,(anonymous_27)
FNDA:7,(anonymous_28)
FNDA:4,(anonymous_29)
FNDA:1,(anonymous_30)
FNDA:1,(anonymous_31)
FNDA:12,(anonymous_32)
FNDA:10,(anonymous_33)
FNDA:149,(anonymous_34)
FNDA:12,(anonymous_35)
FNDA:100,(anonymous_36)
FNDA:114,(anonymous_37)
FNDA:16,(anonymous_38)
DA:1,1
DA:2,1
DA:4,1
DA:10,41
DA:11,72
DA:17,172
DA:18,89
DA:19,89
DA:20,86
DA:22,83
DA:30,1
DA:35,1
DA:36,1
DA:39,1
DA:40,1
DA:41,1
DA:54,16
DA:55,12
DA:56,10
DA:57,1
DA:58,10
DA:59,3
DA:60,18
DA:61,5
DA:62,9
DA:63,1
DA:64,6
DA:65,3
DA:66,1
DA:67,1
DA:73,4
DA:74,4
DA:78,7
DA:81,1
DA:82,4
DA:84,1
DA:85,1
DA:86,1
DA:92,1
DA:96,12
DA:97,12
DA:101,10
DA:103,149
DA:106,149
DA:107,148
DA:108,148
DA:112,1
DA:113,12
DA:115,114
DA:117,1
DA:118,16
DA:119,10
DA:121,6
LF:53
LH:53
BRDA:8,0,0,0
BRDA:10,1,0,3
BRDA:10,1,1,38
BRDA:16,2,0,16
BRDA:17,3,0,89
BRDA:17,4,0,172
BRDA:17,4,1,91
BRDA:17,4,2,90
BRDA:19,5,0,3
BRDA:55,6,0,8
BRDA:57,7,0,1
BRDA:59,8,0,2
BRDA:61,9,0,2
BRDA:63,10,0,1
BRDA:65,11,0,3
BRDA:72,12,0,0
BRDA:77,13,0,0
BRDA:81,14,0,3
BRDA:95,15,0,0
BRDA:100,16,0,0
BRDA:103,17,0,149
BRDA:103,17,1,115
BRDA:103,17,2,100
BRDA:112,18,0,8
BRDA:118,19,0,10
BRF:25
BRH:20
end_of_record
